<?xml version="1.0" encoding="UTF-8"?>
<!-- Generated by org.testng.reporters.JUnitReportReporter -->
<testsuite hostname="CIPL-5PC168" name="testrunner.TestRunner" tests="1" failures="0" timestamp="1 Feb 2019 11:33:25 GMT" time="0.499" errors="0">
  <testcase name="feature" time="0.499" classname="testrunner.TestRunner"/>
</testsuite> <!-- testrunner.TestRunner -->
