<?xml version="1.0" encoding="UTF-8"?>
<!-- Generated by org.testng.reporters.JUnitReportReporter -->
<testsuite hostname="CIPL-5PC168" name="testrunner.TestRunner" tests="1" failures="0" timestamp="4 Feb 2019 06:52:08 GMT" time="15.043" errors="0">
  <testcase name="feature" time="15.043" classname="testrunner.TestRunner"/>
</testsuite> <!-- testrunner.TestRunner -->
